<?xml version="1.0" encoding="UTF-8"?>
<!-- Generated by org.testng.reporters.JUnitReportReporter -->
<testsuite hostname="DESKTOP-SI3PRAI" failures="0" tests="1" name="Rest.OAuthRequest" time="4.300" errors="0" timestamp="2024-01-15T23:24:03 IST" skipped="0">
  <testcase classname="Rest.OAuthRequest" name="CreateOAuth" time="4.300"/>
  <system-out/>
</testsuite> <!-- Rest.OAuthRequest -->
