<?xml version="1.0" encoding="UTF-8"?>
<!-- Generated by org.testng.reporters.JUnitReportReporter -->
<testsuite hostname="DESKTOP-SI3PRAI" failures="0" tests="1" name="PojoClassesSerialization.GoogleMapSerializationTest" time="4.514" errors="0" timestamp="2024-01-21T12:42:55 IST" skipped="0">
  <testcase classname="PojoClassesSerialization.GoogleMapSerializationTest" name="serialization1" time="4.514"/>
  <system-out/>
</testsuite> <!-- PojoClassesSerialization.GoogleMapSerializationTest -->
