<?xml version="1.0" encoding="UTF-8"?>
<!-- Generated by org.testng.reporters.JUnitReportReporter -->
<testsuite hostname="DESKTOP-SI3PRAI" failures="0" tests="1" name="PojoClassesSerialization.CreateBookingTest" time="4.701" errors="0" timestamp="2024-01-21T14:01:20 IST" skipped="0">
  <testcase classname="PojoClassesSerialization.CreateBookingTest" name="CreateBookings" time="4.701"/>
  <system-out/>
</testsuite> <!-- PojoClassesSerialization.CreateBookingTest -->
