<?xml version="1.0" encoding="UTF-8"?>
<!-- Generated by org.testng.reporters.JUnitReportReporter -->
<testsuite hostname="DESKTOP-SI3PRAI" failures="0" tests="1" name="PojoClassesSerialization.FakeStore.StoreTest" time="4.846" errors="0" timestamp="2024-01-21T20:34:25 IST" skipped="0">
  <testcase classname="PojoClassesSerialization.FakeStore.StoreTest" name="AddStoreDetails" time="4.846"/>
  <system-out/>
</testsuite> <!-- PojoClassesSerialization.FakeStore.StoreTest -->
