<?xml version="1.0" encoding="UTF-8"?>
<!-- Generated by org.testng.reporters.JUnitReportReporter -->
<testsuite hostname="DESKTOP-SI3PRAI" failures="0" tests="1" name="PojoClassesDesirialization.TestBookings" time="4.643" errors="0" timestamp="2024-01-18T23:22:42 IST" skipped="0">
  <testcase classname="PojoClassesDesirialization.TestBookings" name="getUsers" time="4.643"/>
  <system-out/>
</testsuite> <!-- PojoClassesDesirialization.TestBookings -->
