<?xml version="1.0" encoding="UTF-8"?>
<!-- Generated by org.testng.reporters.JUnitReportReporter -->
<testsuite hostname="DESKTOP-SI3PRAI" failures="0" tests="1" name="PojoClassesDesirialization.TestCart" time="3.885" errors="0" timestamp="2024-01-16T18:48:25 IST" skipped="0">
  <testcase classname="PojoClassesDesirialization.TestCart" name="TestCart" time="3.885"/>
  <system-out/>
</testsuite> <!-- PojoClassesDesirialization.TestCart -->
