<?xml version="1.0" encoding="UTF-8"?>
<!-- Generated by org.testng.reporters.JUnitReportReporter -->
<testsuite hostname="DESKTOP-SI3PRAI" failures="0" tests="1" name="PojoClassesDesirialization.TestUsers" time="5.627" errors="0" timestamp="2024-01-18T23:05:44 IST" skipped="0">
  <testcase classname="PojoClassesDesirialization.TestUsers" name="getUsers" time="5.627"/>
  <system-out/>
</testsuite> <!-- PojoClassesDesirialization.TestUsers -->
