<?xml version="1.0" encoding="UTF-8"?>
<!-- Generated by org.testng.reporters.JUnitReportReporter -->
<testsuite hostname="DESKTOP-SI3PRAI" failures="0" tests="1" name="PojoClassesSerialization.GoogleMaps.GoogleMapSerializationTest" time="3.252" errors="0" timestamp="2024-01-21T19:30:58 IST" skipped="0">
  <testcase classname="PojoClassesSerialization.GoogleMaps.GoogleMapSerializationTest" name="serialization1" time="3.252"/>
  <system-out/>
</testsuite> <!-- PojoClassesSerialization.GoogleMaps.GoogleMapSerializationTest -->
