<?xml version="1.0" encoding="UTF-8"?>
<!-- Generated by org.testng.reporters.JUnitReportReporter -->
<testsuite hostname="DESKTOP-SI3PRAI" failures="0" tests="1" name="PojoClassesSerialization.CreateBookings.CreateBookingTest" time="4.576" errors="0" timestamp="2024-01-21T19:34:11 IST" skipped="0">
  <testcase classname="PojoClassesSerialization.CreateBookings.CreateBookingTest" name="CreateBookings" time="4.576"/>
  <system-out/>
</testsuite> <!-- PojoClassesSerialization.CreateBookings.CreateBookingTest -->
