<?xml version="1.0" encoding="UTF-8"?>
<!-- Generated by org.testng.reporters.JUnitReportReporter -->
<testsuite hostname="DESKTOP-SI3PRAI" failures="0" tests="3" name="Rest.DynamicJson" time="3.755" errors="0" timestamp="2024-01-11T01:21:10 IST" skipped="0">
  <testcase classname="Rest.DynamicJson" name="ADDBook" time="3.279"/>
  <system-out/>
  <testcase classname="Rest.DynamicJson" name="ADDBook" time="0.253"/>
  <system-out/>
  <testcase classname="Rest.DynamicJson" name="ADDBook" time="0.223"/>
  <system-out/>
</testsuite> <!-- Rest.DynamicJson -->
