<?xml version="1.0" encoding="UTF-8"?>
<!-- Generated by org.testng.reporters.JUnitReportReporter -->
<testsuite hostname="DESKTOP-SI3PRAI" failures="0" tests="1" name="SpecBuilders.SpecTes1" time="4.971" errors="0" timestamp="2024-02-28T01:07:31 IST" skipped="0">
  <testcase classname="SpecBuilders.SpecTes1" name="test1" time="4.971"/>
  <system-out/>
</testsuite> <!-- SpecBuilders.SpecTes1 -->
